This is pdfTeX, Version 3.14159265-2.6-1.40.21 (MiKTeX 20.6.29) (preloaded format=pdflatex 2020.10.4)  14 OCT 2020 02:20
entering extended mode
**./Deliverable-I.tex
(Deliverable-I.tex
LaTeX2e <2020-10-01>
L3 programming layer <2020-09-24> xparse <2020-03-03> (/home/jesus/.miktex/texm
fs/install/tex/latex/base/article.cls
Document Class: article 2020/04/10 v1.4m Standard LaTeX document class
(/home/jesus/.miktex/texmfs/install/tex/latex/base/size10.clo
File: size10.clo 2020/04/10 v1.4m Standard LaTeX file (size option)
)
\c@part=\count175
\c@section=\count176
\c@subsection=\count177
\c@subsubsection=\count178
\c@paragraph=\count179
\c@subparagraph=\count180
\c@figure=\count181
\c@table=\count182
\abovecaptionskip=\skip47
\belowcaptionskip=\skip48
\bibindent=\dimen138
) (/home/jesus/.miktex/texmfs/install/tex/latex/lm/lmodern.sty
Package: lmodern 2009/10/30 v1.6 Latin Modern Fonts
LaTeX Font Info:    Overwriting symbol font `operators' in version `normal'
(Font)                  OT1/cmr/m/n --> OT1/lmr/m/n on input line 22.
LaTeX Font Info:    Overwriting symbol font `letters' in version `normal'
(Font)                  OML/cmm/m/it --> OML/lmm/m/it on input line 23.
LaTeX Font Info:    Overwriting symbol font `symbols' in version `normal'
(Font)                  OMS/cmsy/m/n --> OMS/lmsy/m/n on input line 24.
LaTeX Font Info:    Overwriting symbol font `largesymbols' in version `normal'
(Font)                  OMX/cmex/m/n --> OMX/lmex/m/n on input line 25.
LaTeX Font Info:    Overwriting symbol font `operators' in version `bold'
(Font)                  OT1/cmr/bx/n --> OT1/lmr/bx/n on input line 26.
LaTeX Font Info:    Overwriting symbol font `letters' in version `bold'
(Font)                  OML/cmm/b/it --> OML/lmm/b/it on input line 27.
LaTeX Font Info:    Overwriting symbol font `symbols' in version `bold'
(Font)                  OMS/cmsy/b/n --> OMS/lmsy/b/n on input line 28.
LaTeX Font Info:    Overwriting symbol font `largesymbols' in version `bold'
(Font)                  OMX/cmex/m/n --> OMX/lmex/m/n on input line 29.
LaTeX Font Info:    Overwriting math alphabet `\mathbf' in version `normal'
(Font)                  OT1/cmr/bx/n --> OT1/lmr/bx/n on input line 31.
LaTeX Font Info:    Overwriting math alphabet `\mathsf' in version `normal'
(Font)                  OT1/cmss/m/n --> OT1/lmss/m/n on input line 32.
LaTeX Font Info:    Overwriting math alphabet `\mathit' in version `normal'
(Font)                  OT1/cmr/m/it --> OT1/lmr/m/it on input line 33.
LaTeX Font Info:    Overwriting math alphabet `\mathtt' in version `normal'
(Font)                  OT1/cmtt/m/n --> OT1/lmtt/m/n on input line 34.
LaTeX Font Info:    Overwriting math alphabet `\mathbf' in version `bold'
(Font)                  OT1/cmr/bx/n --> OT1/lmr/bx/n on input line 35.
LaTeX Font Info:    Overwriting math alphabet `\mathsf' in version `bold'
(Font)                  OT1/cmss/bx/n --> OT1/lmss/bx/n on input line 36.
LaTeX Font Info:    Overwriting math alphabet `\mathit' in version `bold'
(Font)                  OT1/cmr/bx/it --> OT1/lmr/bx/it on input line 37.
LaTeX Font Info:    Overwriting math alphabet `\mathtt' in version `bold'
(Font)                  OT1/cmtt/m/n --> OT1/lmtt/m/n on input line 38.
) (/home/jesus/.miktex/texmfs/install/tex/latex/amsfonts/amssymb.sty
Package: amssymb 2013/01/14 v3.01 AMS font symbols
(/home/jesus/.miktex/texmfs/install/tex/latex/amsfonts/amsfonts.sty
Package: amsfonts 2013/01/14 v3.01 Basic AMSFonts support
\@emptytoks=\toks15
\symAMSa=\mathgroup4
\symAMSb=\mathgroup5
LaTeX Font Info:    Redeclaring math symbol \hbar on input line 98.
LaTeX Font Info:    Overwriting math alphabet `\mathfrak' in version `bold'
(Font)                  U/euf/m/n --> U/euf/b/n on input line 106.
)) (/home/jesus/.miktex/texmfs/install/tex/latex/amsmath/amsmath.sty
Package: amsmath 2020/09/23 v2.17i AMS math features
\@mathmargin=\skip49
For additional information on amsmath, use the `?' option.
(/home/jesus/.miktex/texmfs/install/tex/latex/amsmath/amstext.sty
Package: amstext 2000/06/29 v2.01 AMS text
(/home/jesus/.miktex/texmfs/install/tex/latex/amsmath/amsgen.sty
File: amsgen.sty 1999/11/30 v2.0 generic functions
\@emptytoks=\toks16
\ex@=\dimen139
)) (/home/jesus/.miktex/texmfs/install/tex/latex/amsmath/amsbsy.sty
Package: amsbsy 1999/11/29 v1.2d Bold Symbols
\pmbraise@=\dimen140
) (/home/jesus/.miktex/texmfs/install/tex/latex/amsmath/amsopn.sty
Package: amsopn 2016/03/08 v2.02 operator names
)
\inf@bad=\count183
LaTeX Info: Redefining \frac on input line 234.
\uproot@=\count184
\leftroot@=\count185
LaTeX Info: Redefining \overline on input line 399.
\classnum@=\count186
\DOTSCASE@=\count187
LaTeX Info: Redefining \ldots on input line 496.
LaTeX Info: Redefining \dots on input line 499.
LaTeX Info: Redefining \cdots on input line 620.
\Mathstrutbox@=\box47
\strutbox@=\box48
\big@size=\dimen141
LaTeX Font Info:    Redeclaring font encoding OML on input line 743.
LaTeX Font Info:    Redeclaring font encoding OMS on input line 744.
\macc@depth=\count188
\c@MaxMatrixCols=\count189
\dotsspace@=\muskip16
\c@parentequation=\count190
\dspbrk@lvl=\count191
\tag@help=\toks17
\row@=\count192
\column@=\count193
\maxfields@=\count194
\andhelp@=\toks18
\eqnshift@=\dimen142
\alignsep@=\dimen143
\tagshift@=\dimen144
\tagwidth@=\dimen145
\totwidth@=\dimen146
\lineht@=\dimen147
\@envbody=\toks19
\multlinegap=\skip50
\multlinetaggap=\skip51
\mathdisplay@stack=\toks20
LaTeX Info: Redefining \[ on input line 2923.
LaTeX Info: Redefining \] on input line 2924.
) (/home/jesus/.miktex/texmfs/install/tex/generic/iftex/ifxetex.sty
Package: ifxetex 2019/10/25 v0.7 ifxetex legacy package. Use iftex instead.
(/home/jesus/.miktex/texmfs/install/tex/generic/iftex/iftex.sty
Package: iftex 2020/03/06 v1.0d TeX engine tests
)) (/home/jesus/.miktex/texmfs/install/tex/generic/iftex/ifluatex.sty
Package: ifluatex 2019/10/25 v1.5 ifluatex legacy package. Use iftex instead.
) (/home/jesus/.miktex/texmfs/install/tex/latex/base/fontenc.sty
Package: fontenc 2020/08/10 v2.0s Standard LaTeX package
LaTeX Font Info:    Trying to load font information for T1+lmr on input line 11
2.
(/home/jesus/.miktex/texmfs/install/tex/latex/lm/t1lmr.fd
File: t1lmr.fd 2009/10/30 v1.6 Font defs for Latin Modern
)) (/home/jesus/.miktex/texmfs/install/tex/latex/base/inputenc.sty
Package: inputenc 2020/08/01 v1.3d Input encoding file
\inpenc@prehook=\toks21
\inpenc@posthook=\toks22
) (/home/jesus/.miktex/texmfs/install/tex/latex/base/textcomp.sty
Package: textcomp 2020/02/02 v2.0n Standard LaTeX package
) (/home/jesus/.miktex/texmfs/install/tex/latex/upquote/upquote.sty
Package: upquote 2012/04/19 v1.3 upright-quote and grave-accent glyphs in verba
tim
) (/home/jesus/.miktex/texmfs/install/tex/latex/microtype/microtype.sty
Package: microtype 2019/11/18 v2.7d Micro-typographical refinements (RS)
(/home/jesus/.miktex/texmfs/install/tex/latex/graphics/keyval.sty
Package: keyval 2014/10/28 v1.15 key=value parser (DPC)
\KV@toks@=\toks23
)
\MT@toks=\toks24
\MT@count=\count195
LaTeX Info: Redefining \textls on input line 790.
\MT@outer@kern=\dimen148
LaTeX Info: Redefining \textmicrotypecontext on input line 1354.
\MT@listname@count=\count196
(/home/jesus/.miktex/texmfs/install/tex/latex/microtype/microtype-pdftex.def
File: microtype-pdftex.def 2019/11/18 v2.7d Definitions specific to pdftex (RS)

LaTeX Info: Redefining \lsstyle on input line 914.
LaTeX Info: Redefining \lslig on input line 914.
\MT@outer@space=\skip52
)
Package microtype Info: Loading configuration file microtype.cfg.
(/home/jesus/.miktex/texmfs/install/tex/latex/microtype/microtype.cfg
File: microtype.cfg 2019/11/18 v2.7d microtype main configuration file (RS)
)) (/home/jesus/.miktex/texmfs/install/tex/latex/parskip/parskip.sty
Package: parskip 2020-06-15 v2.0f non-zero parskip adjustments
(/home/jesus/.miktex/texmfs/install/tex/latex/kvoptions/kvoptions.sty
Package: kvoptions 2019/11/29 v3.13 Key value format for package options (HO)
(/home/jesus/.miktex/texmfs/install/tex/generic/ltxcmds/ltxcmds.sty
Package: ltxcmds 2020-05-10 v1.25 LaTeX kernel commands for general use (HO)
) (/home/jesus/.miktex/texmfs/install/tex/generic/kvsetkeys/kvsetkeys.sty
Package: kvsetkeys 2019/12/15 v1.18 Key value parser (HO)
)) (/home/jesus/.miktex/texmfs/install/tex/latex/etoolbox/etoolbox.sty
Package: etoolbox 2020/08/24 v2.5j e-TeX tools for LaTeX (JAW)
\etb@tempcnta=\count197
)) (/home/jesus/.miktex/texmfs/install/tex/latex/xcolor/xcolor.sty
Package: xcolor 2016/05/11 v2.12 LaTeX color extensions (UK)
(/home/jesus/.miktex/texmfs/install/tex/latex/graphics-cfg/color.cfg
File: color.cfg 2016/01/02 v1.6 sample color configuration
)
Package xcolor Info: Driver file: pdftex.def on input line 225.
(/home/jesus/.miktex/texmfs/install/tex/latex/graphics-def/pdftex.def
File: pdftex.def 2020/08/26 v1.2 Graphics/color driver for pdftex
)
Package xcolor Info: Model `cmy' substituted by `cmy0' on input line 1348.
Package xcolor Info: Model `hsb' substituted by `rgb' on input line 1352.
Package xcolor Info: Model `RGB' extended on input line 1364.
Package xcolor Info: Model `HTML' substituted by `rgb' on input line 1366.
Package xcolor Info: Model `Hsb' substituted by `hsb' on input line 1367.
Package xcolor Info: Model `tHsb' substituted by `hsb' on input line 1368.
Package xcolor Info: Model `HSB' substituted by `hsb' on input line 1369.
Package xcolor Info: Model `Gray' substituted by `gray' on input line 1370.
Package xcolor Info: Model `wave' substituted by `hsb' on input line 1371.
) (/home/jesus/.miktex/texmfs/install/tex/latex/xurl/xurl.sty
Package: xurl 2020/01/24 v 0.09 modify URL breaks
(/home/jesus/.miktex/texmfs/install/tex/latex/url/url.sty
\Urlmuskip=\muskip17
Package: url 2013/09/16  ver 3.4  Verb mode for urls, etc.
)) (/home/jesus/.miktex/texmfs/install/tex/latex/bookmark/bookmark.sty
Package: bookmark 2019/12/03 v1.28 PDF bookmarks (HO)
(/home/jesus/.miktex/texmfs/install/tex/latex/hyperref/hyperref.sty
Package: hyperref 2020-05-15 v7.00e Hypertext links for LaTeX
(/home/jesus/.miktex/texmfs/install/tex/generic/pdftexcmds/pdftexcmds.sty
Package: pdftexcmds 2020-06-27 v0.33 Utility functions of pdfTeX for LuaTeX (HO
)
(/home/jesus/.miktex/texmfs/install/tex/generic/infwarerr/infwarerr.sty
Package: infwarerr 2019/12/03 v1.5 Providing info/warning/error messages (HO)
)
Package pdftexcmds Info: \pdf@primitive is available.
Package pdftexcmds Info: \pdf@ifprimitive is available.
Package pdftexcmds Info: \pdfdraftmode found.
) (/home/jesus/.miktex/texmfs/install/tex/generic/kvdefinekeys/kvdefinekeys.sty
Package: kvdefinekeys 2019-12-19 v1.6 Define keys (HO)
) (/home/jesus/.miktex/texmfs/install/tex/generic/pdfescape/pdfescape.sty
Package: pdfescape 2019/12/09 v1.15 Implements pdfTeX's escape features (HO)
) (/home/jesus/.miktex/texmfs/install/tex/latex/hycolor/hycolor.sty
Package: hycolor 2020-01-27 v1.10 Color options for hyperref/bookmark (HO)
) (/home/jesus/.miktex/texmfs/install/tex/latex/letltxmacro/letltxmacro.sty
Package: letltxmacro 2019/12/03 v1.6 Let assignment for LaTeX macros (HO)
) (/home/jesus/.miktex/texmfs/install/tex/latex/auxhook/auxhook.sty
Package: auxhook 2019-12-17 v1.6 Hooks for auxiliary files (HO)
)
\@linkdim=\dimen149
\Hy@linkcounter=\count198
\Hy@pagecounter=\count199
(/home/jesus/.miktex/texmfs/install/tex/latex/hyperref/pd1enc.def
File: pd1enc.def 2020-05-15 v7.00e Hyperref: PDFDocEncoding definition (HO)
Now handling font encoding PD1 ...
... no UTF-8 mapping file for font encoding PD1
) (/home/jesus/.miktex/texmfs/install/tex/generic/intcalc/intcalc.sty
Package: intcalc 2019/12/15 v1.3 Expandable calculations with integers (HO)
) (/home/jesus/.miktex/texmfs/install/tex/generic/etexcmds/etexcmds.sty
Package: etexcmds 2019/12/15 v1.7 Avoid name clashes with e-TeX commands (HO)
)
\Hy@SavedSpaceFactor=\count266
Package hyperref Info: Option `unicode' set `true' on input line 4338.
(/home/jesus/.miktex/texmfs/install/tex/latex/hyperref/puenc.def
File: puenc.def 2020-05-15 v7.00e Hyperref: PDF Unicode definition (HO)
Now handling font encoding PU ...
... no UTF-8 mapping file for font encoding PU
)
Package hyperref Info: Hyper figures OFF on input line 4464.
Package hyperref Info: Link nesting OFF on input line 4469.
Package hyperref Info: Hyper index ON on input line 4472.
Package hyperref Info: Plain pages OFF on input line 4479.
Package hyperref Info: Backreferencing OFF on input line 4484.
Package hyperref Info: Implicit mode ON; LaTeX internals redefined.
Package hyperref Info: Bookmarks ON on input line 4717.
\c@Hy@tempcnt=\count267
LaTeX Info: Redefining \url on input line 5076.
\XeTeXLinkMargin=\dimen150
(/home/jesus/.miktex/texmfs/install/tex/generic/bitset/bitset.sty
Package: bitset 2019/12/09 v1.3 Handle bit-vector datatype (HO)
(/home/jesus/.miktex/texmfs/install/tex/generic/bigintcalc/bigintcalc.sty
Package: bigintcalc 2019/12/15 v1.5 Expandable calculations on big integers (HO
)
))
\Fld@menulength=\count268
\Field@Width=\dimen151
\Fld@charsize=\dimen152
Package hyperref Info: Hyper figures OFF on input line 6347.
Package hyperref Info: Link nesting OFF on input line 6352.
Package hyperref Info: Hyper index ON on input line 6355.
Package hyperref Info: backreferencing OFF on input line 6362.
Package hyperref Info: Link coloring OFF on input line 6367.
Package hyperref Info: Link coloring with OCG OFF on input line 6372.
Package hyperref Info: PDF/A mode OFF on input line 6377.
LaTeX Info: Redefining \ref on input line 6417.
LaTeX Info: Redefining \pageref on input line 6421.
(/home/jesus/.miktex/texmfs/install/tex/latex/base/atbegshi-ltx.sty
Package: atbegshi-ltx 2020/08/17 v1.0a Emulation of the original atbegshi packa
ge
with kernel methods
)
\Hy@abspage=\count269
\c@Item=\count270
\c@Hfootnote=\count271
)
Package hyperref Info: Driver (autodetected): hpdftex.
(/home/jesus/.miktex/texmfs/install/tex/latex/hyperref/hpdftex.def
File: hpdftex.def 2020-05-15 v7.00e Hyperref driver for pdfTeX
(/home/jesus/.miktex/texmfs/install/tex/latex/base/atveryend-ltx.sty
Package: atveryend-ltx 2020/08/19 v1.0a Emulation of the original atvery packag
e
with kernel methods
)
\Fld@listcount=\count272
\c@bookmark@seq@number=\count273

(/home/jesus/.miktex/texmfs/install/tex/latex/rerunfilecheck/rerunfilecheck.sty
Package: rerunfilecheck 2019/12/05 v1.9 Rerun checks for auxiliary files (HO)

(/home/jesus/.miktex/texmfs/install/tex/generic/uniquecounter/uniquecounter.sty
Package: uniquecounter 2019/12/15 v1.4 Provide unlimited unique counter (HO)
)
Package uniquecounter Info: New unique counter `rerunfilecheck' on input line 2
86.
)
\Hy@SectionHShift=\skip53
) (/home/jesus/.miktex/texmfs/install/tex/latex/bookmark/bkm-pdftex.def
File: bkm-pdftex.def 2019/12/03 v1.28 bookmark driver for pdfTeX (HO)
\BKM@id=\count274
)) (/home/jesus/.miktex/texmfs/install/tex/latex/geometry/geometry.sty
Package: geometry 2020/01/02 v5.9 Page Geometry
(/home/jesus/.miktex/texmfs/install/tex/generic/iftex/ifvtex.sty
Package: ifvtex 2019/10/25 v1.7 ifvtex legacy package. Use iftex instead.
)
\Gm@cnth=\count275
\Gm@cntv=\count276
\c@Gm@tempcnt=\count277
\Gm@bindingoffset=\dimen153
\Gm@wd@mp=\dimen154
\Gm@odd@mp=\dimen155
\Gm@even@mp=\dimen156
\Gm@layoutwidth=\dimen157
\Gm@layoutheight=\dimen158
\Gm@layouthoffset=\dimen159
\Gm@layoutvoffset=\dimen160
\Gm@dimlist=\toks25
(/home/jesus/.miktex/texmfs/install/tex/latex/geometry/geometry.cfg)) (/home/je
sus/.miktex/texmfs/install/tex/latex/fancyvrb/fancyvrb.sty
Package: fancyvrb 2020/05/03 v3.6 verbatim text (tvz,hv)
\FV@CodeLineNo=\count278
\FV@InFile=\read2
\FV@TabBox=\box49
\c@FancyVerbLine=\count279
\FV@StepNumber=\count280
\FV@OutFile=\write3
) (/home/jesus/.miktex/texmfs/install/tex/latex/framed/framed.sty
Package: framed 2011/10/22 v 0.96: framed or shaded text with page breaks
\OuterFrameSep=\skip54
\fb@frw=\dimen161
\fb@frh=\dimen162
\FrameRule=\dimen163
\FrameSep=\dimen164
) (/home/jesus/.miktex/texmfs/install/tex/latex/graphics/graphicx.sty
Package: graphicx 2020/09/09 v1.2b Enhanced LaTeX Graphics (DPC,SPQR)
(/home/jesus/.miktex/texmfs/install/tex/latex/graphics/graphics.sty
Package: graphics 2020/08/30 v1.4c Standard LaTeX Graphics (DPC,SPQR)
(/home/jesus/.miktex/texmfs/install/tex/latex/graphics/trig.sty
Package: trig 2016/01/03 v1.10 sin cos tan (DPC)
) (/home/jesus/.miktex/texmfs/install/tex/latex/graphics-cfg/graphics.cfg
File: graphics.cfg 2016/06/04 v1.11 sample graphics configuration
)
Package graphics Info: Driver file: pdftex.def on input line 105.
)
\Gin@req@height=\dimen165
\Gin@req@width=\dimen166
) (/home/jesus/.miktex/texmfs/install/tex/latex/grffile/grffile.sty
Package: grffile 2019/11/11 v2.1 Extended file name support for graphics (legac
y)
Package grffile Info: This package is an empty stub for compatibility on input 
line 40.
) (/usr/local/share/miktex-texmf/tex/latex/l3backend/l3backend-pdftex.def
File: l3backend-pdftex.def 2020-09-24 L3 backend support: PDF output (pdfTeX)
\l__kernel_color_stack_int=\count281
\l__pdf_internal_box=\box50
)

LaTeX Warning: Unused global option(s):
    [18pt].

(Deliverable-I.aux)
\openout1 = `Deliverable-I.aux'.

LaTeX Font Info:    Checking defaults for OML/cmm/m/it on input line 114.
LaTeX Font Info:    ... okay on input line 114.
LaTeX Font Info:    Checking defaults for OMS/cmsy/m/n on input line 114.
LaTeX Font Info:    ... okay on input line 114.
LaTeX Font Info:    Checking defaults for OT1/cmr/m/n on input line 114.
LaTeX Font Info:    ... okay on input line 114.
LaTeX Font Info:    Checking defaults for T1/cmr/m/n on input line 114.
LaTeX Font Info:    ... okay on input line 114.
LaTeX Font Info:    Checking defaults for TS1/cmr/m/n on input line 114.
LaTeX Font Info:    ... okay on input line 114.
LaTeX Font Info:    Checking defaults for OMX/cmex/m/n on input line 114.
LaTeX Font Info:    ... okay on input line 114.
LaTeX Font Info:    Checking defaults for U/cmr/m/n on input line 114.
LaTeX Font Info:    ... okay on input line 114.
LaTeX Font Info:    Checking defaults for PD1/pdf/m/n on input line 114.
LaTeX Font Info:    ... okay on input line 114.
LaTeX Font Info:    Checking defaults for PU/pdf/m/n on input line 114.
LaTeX Font Info:    ... okay on input line 114.
LaTeX Info: Redefining \microtypecontext on input line 114.
Package microtype Info: Generating PDF output.
Package microtype Info: Character protrusion enabled (level 2).
Package microtype Info: Using protrusion set `basicmath'.
Package microtype Info: Automatic font expansion enabled (level 2),
(microtype)             stretch: 20, shrink: 20, step: 1, non-selected.
Package microtype Info: Using default expansion set `basictext'.
LaTeX Info: Redefining \showhyphens on input line 114.
Package microtype Info: No adjustment of tracking.
Package microtype Info: No adjustment of interword spacing.
Package microtype Info: No adjustment of character kerning.
(/home/jesus/.miktex/texmfs/install/tex/latex/microtype/mt-cmr.cfg
File: mt-cmr.cfg 2013/05/19 v2.2 microtype config. file: Computer Modern Roman 
(RS)
) (/home/jesus/.miktex/texmfs/install/tex/context/base/mkii/supp-pdf.mkii
[Loading MPS to PDF converter (version 2006.09.02).]
\scratchcounter=\count282
\scratchdimen=\dimen167
\scratchbox=\box51
\nofMPsegments=\count283
\nofMParguments=\count284
\everyMPshowfont=\toks26
\MPscratchCnt=\count285
\MPscratchDim=\dimen168
\MPnumerator=\count286
\makeMPintoPDFobject=\count287
\everyMPtoPDFconversion=\toks27
) (/home/jesus/.miktex/texmfs/install/tex/latex/epstopdf-pkg/epstopdf-base.sty
Package: epstopdf-base 2020-01-24 v2.11 Base part for package epstopdf
Package epstopdf-base Info: Redefining graphics rule for `.eps' on input line 4
85.
)
Package hyperref Info: Link coloring OFF on input line 114.
(/home/jesus/.miktex/texmfs/install/tex/latex/hyperref/nameref.sty
Package: nameref 2019/09/16 v2.46 Cross-referencing by name of section
(/home/jesus/.miktex/texmfs/install/tex/latex/refcount/refcount.sty
Package: refcount 2019/12/15 v3.6 Data extraction from label references (HO)
)
(/home/jesus/.miktex/texmfs/install/tex/generic/gettitlestring/gettitlestring.s
ty
Package: gettitlestring 2019/12/15 v1.6 Cleanup title references (HO)
)
\c@section@level=\count288
)
LaTeX Info: Redefining \ref on input line 114.
LaTeX Info: Redefining \pageref on input line 114.
LaTeX Info: Redefining \nameref on input line 114.
*geometry* driver: auto-detecting
*geometry* detected driver: pdftex
*geometry* verbose mode - [ preamble ] result:
* driver: pdftex
* paper: a4paper
* layout: <same size as paper>
* layoutoffset:(h,v)=(0.0pt,0.0pt)
* modes: 
* h-part:(L,W,R)=(54.06006pt, 489.38776pt, 54.06006pt)
* v-part:(T,H,B)=(35.56593pt, 766.2326pt, 43.2483pt)
* \paperwidth=597.50787pt
* \paperheight=845.04684pt
* \textwidth=489.38776pt
* \textheight=766.2326pt
* \oddsidemargin=-18.20993pt
* \evensidemargin=-18.20993pt
* \topmargin=-73.70406pt
* \headheight=12.0pt
* \headsep=25.0pt
* \topskip=10.0pt
* \footskip=30.0pt
* \marginparwidth=57.0pt
* \marginparsep=11.0pt
* \columnsep=10.0pt
* \skip\footins=9.0pt plus 4.0pt minus 2.0pt
* \hoffset=0.0pt
* \voffset=0.0pt
* \mag=1000
* \@twocolumnfalse
* \@twosidefalse
* \@mparswitchfalse
* \@reversemarginfalse
* (1in=72.27pt=25.4mm, 1cm=28.453pt)

LaTeX Font Info:    Trying to load font information for OT1+lmr on input line 1
16.
(/home/jesus/.miktex/texmfs/install/tex/latex/lm/ot1lmr.fd
File: ot1lmr.fd 2009/10/30 v1.6 Font defs for Latin Modern
)
LaTeX Font Info:    Trying to load font information for OML+lmm on input line 1
16.
(/home/jesus/.miktex/texmfs/install/tex/latex/lm/omllmm.fd
File: omllmm.fd 2009/10/30 v1.6 Font defs for Latin Modern
)
LaTeX Font Info:    Trying to load font information for OMS+lmsy on input line 
116.
(/home/jesus/.miktex/texmfs/install/tex/latex/lm/omslmsy.fd
File: omslmsy.fd 2009/10/30 v1.6 Font defs for Latin Modern
)
LaTeX Font Info:    Trying to load font information for OMX+lmex on input line 
116.
(/home/jesus/.miktex/texmfs/install/tex/latex/lm/omxlmex.fd
File: omxlmex.fd 2009/10/30 v1.6 Font defs for Latin Modern
)
LaTeX Font Info:    External font `lmex10' loaded for size
(Font)              <12> on input line 116.
LaTeX Font Info:    External font `lmex10' loaded for size
(Font)              <8> on input line 116.
LaTeX Font Info:    External font `lmex10' loaded for size
(Font)              <6> on input line 116.
LaTeX Font Info:    Trying to load font information for U+msa on input line 116
.
(/home/jesus/.miktex/texmfs/install/tex/latex/amsfonts/umsa.fd
File: umsa.fd 2013/01/14 v3.01 AMS symbols A
) (/home/jesus/.miktex/texmfs/install/tex/latex/microtype/mt-msa.cfg
File: mt-msa.cfg 2006/02/04 v1.1 microtype config. file: AMS symbols (a) (RS)
)
LaTeX Font Info:    Trying to load font information for U+msb on input line 116
.
(/home/jesus/.miktex/texmfs/install/tex/latex/amsfonts/umsb.fd
File: umsb.fd 2013/01/14 v3.01 AMS symbols B
) (/home/jesus/.miktex/texmfs/install/tex/latex/microtype/mt-msb.cfg
File: mt-msb.cfg 2005/06/01 v1.0 microtype config. file: AMS symbols (b) (RS)
) (Deliverable-I.toc
LaTeX Font Info:    External font `lmex10' loaded for size
(Font)              <10> on input line 1.
LaTeX Font Info:    External font `lmex10' loaded for size
(Font)              <7> on input line 1.
LaTeX Font Info:    External font `lmex10' loaded for size
(Font)              <5> on input line 1.
)
\tf@toc=\write4
\openout4 = `Deliverable-I.toc'.

LaTeX Font Info:    Trying to load font information for TS1+lmr on input line 1
31.
(/home/jesus/.miktex/texmfs/install/tex/latex/lm/ts1lmr.fd
File: ts1lmr.fd 2009/10/30 v1.6 Font defs for Latin Modern
)
Underfull \hbox (badness 10000) in paragraph at lines 131--134

 []


Underfull \hbox (badness 10000) in paragraph at lines 134--136

 []


Underfull \hbox (badness 10000) in paragraph at lines 136--139

 []


Underfull \hbox (badness 10000) in paragraph at lines 139--143

 []


Underfull \hbox (badness 10000) in paragraph at lines 143--145

 []


Underfull \hbox (badness 10000) in paragraph at lines 145--147

 []


Underfull \hbox (badness 10000) in paragraph at lines 147--151

 []


Underfull \hbox (badness 10000) in paragraph at lines 151--156

 []


Underfull \hbox (badness 10000) in paragraph at lines 156--158

 []


Underfull \hbox (badness 10000) in paragraph at lines 158--160

 []


Underfull \hbox (badness 10000) in paragraph at lines 160--164

 []


Underfull \hbox (badness 10000) in paragraph at lines 164--166

 []

[1

{/home/jesus/.miktex/texmfs/data/pdftex/config/pdftex.map}]
Underfull \hbox (badness 10000) in paragraph at lines 169--174

 []


Underfull \hbox (badness 10000) in paragraph at lines 174--177

 []


Underfull \hbox (badness 10000) in paragraph at lines 177--179

 []


Underfull \hbox (badness 10000) in paragraph at lines 179--182

 []

LaTeX Font Info:    Trying to load font information for T1+lmtt on input line 1
92.
(/home/jesus/.miktex/texmfs/install/tex/latex/lm/t1lmtt.fd
File: t1lmtt.fd 2009/10/30 v1.6 Font defs for Latin Modern
)
LaTeX Font Info:    Font shape `T1/lmtt/bx/n' in size <10> not available
(Font)              Font shape `T1/lmtt/b/n' tried instead on input line 193.
LaTeX Font Info:    Trying to load font information for TS1+lmtt on input line 
227.
(/home/jesus/.miktex/texmfs/install/tex/latex/lm/ts1lmtt.fd
File: ts1lmtt.fd 2009/10/30 v1.6 Font defs for Latin Modern
) [2] [3] [4] [5] [6] [7] [8] [9] [10] [11] [12] [13] [14] [15] [16] [17] [18] 
[19] [20] [21] [22] [23]
<Deliverable-I_files/figure-latex/unnamed-chunk-7-1.pdf, id=144, 393.47pt x 219
.82124pt>
File: Deliverable-I_files/figure-latex/unnamed-chunk-7-1.pdf Graphic file (type
 pdf)
<use Deliverable-I_files/figure-latex/unnamed-chunk-7-1.pdf>
Package pdftex.def Info: Deliverable-I_files/figure-latex/unnamed-chunk-7-1.pdf
  used on input line 1802.
(pdftex.def)             Requested size: 393.46902pt x 219.8207pt.
<Deliverable-I_files/figure-latex/unnamed-chunk-7-2.pdf, id=145, 393.47pt x 222
.8325pt>
File: Deliverable-I_files/figure-latex/unnamed-chunk-7-2.pdf Graphic file (type
 pdf)
<use Deliverable-I_files/figure-latex/unnamed-chunk-7-2.pdf>
Package pdftex.def Info: Deliverable-I_files/figure-latex/unnamed-chunk-7-2.pdf
  used on input line 1824.
(pdftex.def)             Requested size: 393.46902pt x 222.83195pt.
[24 <./Deliverable-I_files/figure-latex/unnamed-chunk-7-1.pdf>]
<Deliverable-I_files/figure-latex/unnamed-chunk-7-3.pdf, id=158, 424.58624pt x 
285.065pt>
File: Deliverable-I_files/figure-latex/unnamed-chunk-7-3.pdf Graphic file (type
 pdf)
<use Deliverable-I_files/figure-latex/unnamed-chunk-7-3.pdf>
Package pdftex.def Info: Deliverable-I_files/figure-latex/unnamed-chunk-7-3.pdf
  used on input line 1834.
(pdftex.def)             Requested size: 424.5852pt x 285.0643pt.
<Deliverable-I_files/figure-latex/unnamed-chunk-7-4.pdf, id=159, 437.635pt x 22
7.85126pt>
File: Deliverable-I_files/figure-latex/unnamed-chunk-7-4.pdf Graphic file (type
 pdf)
<use Deliverable-I_files/figure-latex/unnamed-chunk-7-4.pdf>
Package pdftex.def Info: Deliverable-I_files/figure-latex/unnamed-chunk-7-4.pdf
  used on input line 1842.
(pdftex.def)             Requested size: 437.6406pt x 227.85416pt.
[25 <./Deliverable-I_files/figure-latex/unnamed-chunk-7-2.pdf> <./Deliverable-I
_files/figure-latex/unnamed-chunk-7-3.pdf>]
<Deliverable-I_files/figure-latex/unnamed-chunk-7-5.pdf, id=180, 424.58624pt x 
285.065pt>
File: Deliverable-I_files/figure-latex/unnamed-chunk-7-5.pdf Graphic file (type
 pdf)
<use Deliverable-I_files/figure-latex/unnamed-chunk-7-5.pdf>
Package pdftex.def Info: Deliverable-I_files/figure-latex/unnamed-chunk-7-5.pdf
  used on input line 1874.
(pdftex.def)             Requested size: 424.5852pt x 285.0643pt.
<Deliverable-I_files/figure-latex/unnamed-chunk-7-6.pdf, id=181, 437.635pt x 22
7.85126pt>
File: Deliverable-I_files/figure-latex/unnamed-chunk-7-6.pdf Graphic file (type
 pdf)
<use Deliverable-I_files/figure-latex/unnamed-chunk-7-6.pdf>
Package pdftex.def Info: Deliverable-I_files/figure-latex/unnamed-chunk-7-6.pdf
  used on input line 1882.
(pdftex.def)             Requested size: 437.6406pt x 227.85416pt.
[26 <./Deliverable-I_files/figure-latex/unnamed-chunk-7-4.pdf> <./Deliverable-I
_files/figure-latex/unnamed-chunk-7-5.pdf>]
<Deliverable-I_files/figure-latex/unnamed-chunk-7-7.pdf, id=202, 422.57875pt x 
285.065pt>
File: Deliverable-I_files/figure-latex/unnamed-chunk-7-7.pdf Graphic file (type
 pdf)
<use Deliverable-I_files/figure-latex/unnamed-chunk-7-7.pdf>
Package pdftex.def Info: Deliverable-I_files/figure-latex/unnamed-chunk-7-7.pdf
  used on input line 1920.
(pdftex.def)             Requested size: 422.57771pt x 285.0643pt.
[27 <./Deliverable-I_files/figure-latex/unnamed-chunk-7-6.pdf> <./Deliverable-I
_files/figure-latex/unnamed-chunk-7-7.pdf>]
<Deliverable-I_files/figure-latex/unnamed-chunk-7-8.pdf, id=223, 437.635pt x 22
7.85126pt>
File: Deliverable-I_files/figure-latex/unnamed-chunk-7-8.pdf Graphic file (type
 pdf)
<use Deliverable-I_files/figure-latex/unnamed-chunk-7-8.pdf>
Package pdftex.def Info: Deliverable-I_files/figure-latex/unnamed-chunk-7-8.pdf
  used on input line 1940.
(pdftex.def)             Requested size: 437.6406pt x 227.85416pt.
[28 <./Deliverable-I_files/figure-latex/unnamed-chunk-7-8.pdf>]
<Deliverable-I_files/figure-latex/unnamed-chunk-7-9.pdf, id=236, 393.47pt x 219
.82124pt>
File: Deliverable-I_files/figure-latex/unnamed-chunk-7-9.pdf Graphic file (type
 pdf)
<use Deliverable-I_files/figure-latex/unnamed-chunk-7-9.pdf>
Package pdftex.def Info: Deliverable-I_files/figure-latex/unnamed-chunk-7-9.pdf
  used on input line 2058.
(pdftex.def)             Requested size: 393.46902pt x 219.8207pt.
[29]
<Deliverable-I_files/figure-latex/unnamed-chunk-7-10.pdf, id=241, 393.47pt x 22
9.85875pt>
File: Deliverable-I_files/figure-latex/unnamed-chunk-7-10.pdf Graphic file (typ
e pdf)
<use Deliverable-I_files/figure-latex/unnamed-chunk-7-10.pdf>
Package pdftex.def Info: Deliverable-I_files/figure-latex/unnamed-chunk-7-10.pd
f  used on input line 2098.
(pdftex.def)             Requested size: 393.46902pt x 229.85817pt.
<Deliverable-I_files/figure-latex/unnamed-chunk-7-11.pdf, id=242, 393.47pt x 23
4.8775pt>
File: Deliverable-I_files/figure-latex/unnamed-chunk-7-11.pdf Graphic file (typ
e pdf)
<use Deliverable-I_files/figure-latex/unnamed-chunk-7-11.pdf>
Package pdftex.def Info: Deliverable-I_files/figure-latex/unnamed-chunk-7-11.pd
f  used on input line 2106.
(pdftex.def)             Requested size: 393.46902pt x 234.87692pt.
[30 <./Deliverable-I_files/figure-latex/unnamed-chunk-7-9.pdf> <./Deliverable-I
_files/figure-latex/unnamed-chunk-7-10.pdf>]
<Deliverable-I_files/figure-latex/unnamed-chunk-7-12.pdf, id=261, 393.47pt x 23
4.8775pt>
File: Deliverable-I_files/figure-latex/unnamed-chunk-7-12.pdf Graphic file (typ
e pdf)
<use Deliverable-I_files/figure-latex/unnamed-chunk-7-12.pdf>
Package pdftex.def Info: Deliverable-I_files/figure-latex/unnamed-chunk-7-12.pd
f  used on input line 2129.
(pdftex.def)             Requested size: 393.46902pt x 234.87692pt.
<Deliverable-I_files/figure-latex/unnamed-chunk-7-13.pdf, id=262, 431.6125pt x 
285.065pt>
File: Deliverable-I_files/figure-latex/unnamed-chunk-7-13.pdf Graphic file (typ
e pdf)
<use Deliverable-I_files/figure-latex/unnamed-chunk-7-13.pdf>
Package pdftex.def Info: Deliverable-I_files/figure-latex/unnamed-chunk-7-13.pd
f  used on input line 2138.
(pdftex.def)             Requested size: 431.61143pt x 285.0643pt.
[31 <./Deliverable-I_files/figure-latex/unnamed-chunk-7-11.pdf> <./Deliverable-
I_files/figure-latex/unnamed-chunk-7-12.pdf>]
<Deliverable-I_files/figure-latex/unnamed-chunk-7-14.pdf, id=282, 437.635pt x 2
27.85126pt>
File: Deliverable-I_files/figure-latex/unnamed-chunk-7-14.pdf Graphic file (typ
e pdf)
<use Deliverable-I_files/figure-latex/unnamed-chunk-7-14.pdf>
Package pdftex.def Info: Deliverable-I_files/figure-latex/unnamed-chunk-7-14.pd
f  used on input line 2146.
(pdftex.def)             Requested size: 437.6406pt x 227.85416pt.
[32 <./Deliverable-I_files/figure-latex/unnamed-chunk-7-13.pdf> <./Deliverable-
I_files/figure-latex/unnamed-chunk-7-14.pdf>]
<Deliverable-I_files/figure-latex/unnamed-chunk-7-15.pdf, id=303, 437.635pt x 1
95.73125pt>
File: Deliverable-I_files/figure-latex/unnamed-chunk-7-15.pdf Graphic file (typ
e pdf)
<use Deliverable-I_files/figure-latex/unnamed-chunk-7-15.pdf>
Package pdftex.def Info: Deliverable-I_files/figure-latex/unnamed-chunk-7-15.pd
f  used on input line 2190.
(pdftex.def)             Requested size: 437.6406pt x 195.73373pt.
<Deliverable-I_files/figure-latex/unnamed-chunk-7-16.pdf, id=304, 422.57875pt x
 285.065pt>
File: Deliverable-I_files/figure-latex/unnamed-chunk-7-16.pdf Graphic file (typ
e pdf)
<use Deliverable-I_files/figure-latex/unnamed-chunk-7-16.pdf>
Package pdftex.def Info: Deliverable-I_files/figure-latex/unnamed-chunk-7-16.pd
f  used on input line 2214.
(pdftex.def)             Requested size: 422.57771pt x 285.0643pt.
<Deliverable-I_files/figure-latex/unnamed-chunk-7-17.pdf, id=305, 437.635pt x 2
27.85126pt>
File: Deliverable-I_files/figure-latex/unnamed-chunk-7-17.pdf Graphic file (typ
e pdf)
<use Deliverable-I_files/figure-latex/unnamed-chunk-7-17.pdf>
Package pdftex.def Info: Deliverable-I_files/figure-latex/unnamed-chunk-7-17.pd
f  used on input line 2222.
(pdftex.def)             Requested size: 437.6406pt x 227.85416pt.
[33 <./Deliverable-I_files/figure-latex/unnamed-chunk-7-15.pdf> <./Deliverable-
I_files/figure-latex/unnamed-chunk-7-16.pdf>]
<Deliverable-I_files/figure-latex/unnamed-chunk-7-18.pdf, id=325, 429.605pt x 2
84.06125pt>
File: Deliverable-I_files/figure-latex/unnamed-chunk-7-18.pdf Graphic file (typ
e pdf)
<use Deliverable-I_files/figure-latex/unnamed-chunk-7-18.pdf>
Package pdftex.def Info: Deliverable-I_files/figure-latex/unnamed-chunk-7-18.pd
f  used on input line 2247.
(pdftex.def)             Requested size: 429.61049pt x 284.06487pt.
<Deliverable-I_files/figure-latex/unnamed-chunk-7-19.pdf, id=326, 437.635pt x 2
31.86626pt>
File: Deliverable-I_files/figure-latex/unnamed-chunk-7-19.pdf Graphic file (typ
e pdf)
<use Deliverable-I_files/figure-latex/unnamed-chunk-7-19.pdf>
Package pdftex.def Info: Deliverable-I_files/figure-latex/unnamed-chunk-7-19.pd
f  used on input line 2255.
(pdftex.def)             Requested size: 437.6406pt x 231.8692pt.
[34 <./Deliverable-I_files/figure-latex/unnamed-chunk-7-17.pdf> <./Deliverable-
I_files/figure-latex/unnamed-chunk-7-18.pdf>]
<Deliverable-I_files/figure-latex/unnamed-chunk-7-20.pdf, id=347, 437.635pt x 1
94.7275pt>
File: Deliverable-I_files/figure-latex/unnamed-chunk-7-20.pdf Graphic file (typ
e pdf)
<use Deliverable-I_files/figure-latex/unnamed-chunk-7-20.pdf>
Package pdftex.def Info: Deliverable-I_files/figure-latex/unnamed-chunk-7-20.pd
f  used on input line 2290.
(pdftex.def)             Requested size: 437.6406pt x 194.72997pt.
[35 <./Deliverable-I_files/figure-latex/unnamed-chunk-7-19.pdf> <./Deliverable-
I_files/figure-latex/unnamed-chunk-7-20.pdf>]
<Deliverable-I_files/figure-latex/unnamed-chunk-7-21.pdf, id=367, 422.57875pt x
 285.065pt>
File: Deliverable-I_files/figure-latex/unnamed-chunk-7-21.pdf Graphic file (typ
e pdf)
<use Deliverable-I_files/figure-latex/unnamed-chunk-7-21.pdf>
Package pdftex.def Info: Deliverable-I_files/figure-latex/unnamed-chunk-7-21.pd
f  used on input line 2312.
(pdftex.def)             Requested size: 422.57771pt x 285.0643pt.
<Deliverable-I_files/figure-latex/unnamed-chunk-7-22.pdf, id=368, 437.635pt x 2
27.85126pt>
File: Deliverable-I_files/figure-latex/unnamed-chunk-7-22.pdf Graphic file (typ
e pdf)
<use Deliverable-I_files/figure-latex/unnamed-chunk-7-22.pdf>
Package pdftex.def Info: Deliverable-I_files/figure-latex/unnamed-chunk-7-22.pd
f  used on input line 2320.
(pdftex.def)             Requested size: 437.6406pt x 227.85416pt.
<Deliverable-I_files/figure-latex/unnamed-chunk-7-23.pdf, id=369, 393.47pt x 21
9.82124pt>
File: Deliverable-I_files/figure-latex/unnamed-chunk-7-23.pdf Graphic file (typ
e pdf)
<use Deliverable-I_files/figure-latex/unnamed-chunk-7-23.pdf>
Package pdftex.def Info: Deliverable-I_files/figure-latex/unnamed-chunk-7-23.pd
f  used on input line 2352.
(pdftex.def)             Requested size: 393.46902pt x 219.8207pt.
[36 <./Deliverable-I_files/figure-latex/unnamed-chunk-7-21.pdf> <./Deliverable-
I_files/figure-latex/unnamed-chunk-7-22.pdf>]
<Deliverable-I_files/figure-latex/unnamed-chunk-7-24.pdf, id=390, 429.605pt x 2
85.065pt>
File: Deliverable-I_files/figure-latex/unnamed-chunk-7-24.pdf Graphic file (typ
e pdf)
<use Deliverable-I_files/figure-latex/unnamed-chunk-7-24.pdf>
Package pdftex.def Info: Deliverable-I_files/figure-latex/unnamed-chunk-7-24.pd
f  used on input line 2374.
(pdftex.def)             Requested size: 429.60394pt x 285.0643pt.
<Deliverable-I_files/figure-latex/unnamed-chunk-7-25.pdf, id=391, 437.635pt x 2
31.86626pt>
File: Deliverable-I_files/figure-latex/unnamed-chunk-7-25.pdf Graphic file (typ
e pdf)
<use Deliverable-I_files/figure-latex/unnamed-chunk-7-25.pdf>
Package pdftex.def Info: Deliverable-I_files/figure-latex/unnamed-chunk-7-25.pd
f  used on input line 2382.
(pdftex.def)             Requested size: 437.6406pt x 231.8692pt.
[37 <./Deliverable-I_files/figure-latex/unnamed-chunk-7-23.pdf> <./Deliverable-
I_files/figure-latex/unnamed-chunk-7-24.pdf>]
<Deliverable-I_files/figure-latex/unnamed-chunk-7-26.pdf, id=412, 393.47pt x 21
9.82124pt>
File: Deliverable-I_files/figure-latex/unnamed-chunk-7-26.pdf Graphic file (typ
e pdf)
<use Deliverable-I_files/figure-latex/unnamed-chunk-7-26.pdf>
Package pdftex.def Info: Deliverable-I_files/figure-latex/unnamed-chunk-7-26.pd
f  used on input line 2413.
(pdftex.def)             Requested size: 393.46902pt x 219.8207pt.
<Deliverable-I_files/figure-latex/unnamed-chunk-7-27.pdf, id=413, 431.6125pt x 
285.065pt>
File: Deliverable-I_files/figure-latex/unnamed-chunk-7-27.pdf Graphic file (typ
e pdf)
<use Deliverable-I_files/figure-latex/unnamed-chunk-7-27.pdf>
Package pdftex.def Info: Deliverable-I_files/figure-latex/unnamed-chunk-7-27.pd
f  used on input line 2435.
(pdftex.def)             Requested size: 431.61143pt x 285.0643pt.
[38 <./Deliverable-I_files/figure-latex/unnamed-chunk-7-25.pdf> <./Deliverable-
I_files/figure-latex/unnamed-chunk-7-26.pdf>]
<Deliverable-I_files/figure-latex/unnamed-chunk-7-28.pdf, id=433, 437.635pt x 2
27.85126pt>
File: Deliverable-I_files/figure-latex/unnamed-chunk-7-28.pdf Graphic file (typ
e pdf)
<use Deliverable-I_files/figure-latex/unnamed-chunk-7-28.pdf>
Package pdftex.def Info: Deliverable-I_files/figure-latex/unnamed-chunk-7-28.pd
f  used on input line 2443.
(pdftex.def)             Requested size: 437.6406pt x 227.85416pt.
[39 <./Deliverable-I_files/figure-latex/unnamed-chunk-7-27.pdf> <./Deliverable-
I_files/figure-latex/unnamed-chunk-7-28.pdf>]
<Deliverable-I_files/figure-latex/unnamed-chunk-7-29.pdf, id=454, 437.635pt x 1
97.73875pt>
File: Deliverable-I_files/figure-latex/unnamed-chunk-7-29.pdf Graphic file (typ
e pdf)
<use Deliverable-I_files/figure-latex/unnamed-chunk-7-29.pdf>
Package pdftex.def Info: Deliverable-I_files/figure-latex/unnamed-chunk-7-29.pd
f  used on input line 2487.
(pdftex.def)             Requested size: 437.6406pt x 197.74127pt.
<Deliverable-I_files/figure-latex/unnamed-chunk-7-30.pdf, id=455, 422.57875pt x
 285.065pt>
File: Deliverable-I_files/figure-latex/unnamed-chunk-7-30.pdf Graphic file (typ
e pdf)
<use Deliverable-I_files/figure-latex/unnamed-chunk-7-30.pdf>
Package pdftex.def Info: Deliverable-I_files/figure-latex/unnamed-chunk-7-30.pd
f  used on input line 2511.
(pdftex.def)             Requested size: 422.57771pt x 285.0643pt.
<Deliverable-I_files/figure-latex/unnamed-chunk-7-31.pdf, id=456, 437.635pt x 2
27.85126pt>
File: Deliverable-I_files/figure-latex/unnamed-chunk-7-31.pdf Graphic file (typ
e pdf)
<use Deliverable-I_files/figure-latex/unnamed-chunk-7-31.pdf>
Package pdftex.def Info: Deliverable-I_files/figure-latex/unnamed-chunk-7-31.pd
f  used on input line 2519.
(pdftex.def)             Requested size: 437.6406pt x 227.85416pt.
[40 <./Deliverable-I_files/figure-latex/unnamed-chunk-7-29.pdf> <./Deliverable-
I_files/figure-latex/unnamed-chunk-7-30.pdf>]
<Deliverable-I_files/figure-latex/unnamed-chunk-7-32.pdf, id=476, 427.5975pt x 
285.065pt>
File: Deliverable-I_files/figure-latex/unnamed-chunk-7-32.pdf Graphic file (typ
e pdf)
<use Deliverable-I_files/figure-latex/unnamed-chunk-7-32.pdf>
Package pdftex.def Info: Deliverable-I_files/figure-latex/unnamed-chunk-7-32.pd
f  used on input line 2544.
(pdftex.def)             Requested size: 427.59645pt x 285.0643pt.
<Deliverable-I_files/figure-latex/unnamed-chunk-7-33.pdf, id=477, 437.635pt x 2
27.85126pt>
File: Deliverable-I_files/figure-latex/unnamed-chunk-7-33.pdf Graphic file (typ
e pdf)
<use Deliverable-I_files/figure-latex/unnamed-chunk-7-33.pdf>
Package pdftex.def Info: Deliverable-I_files/figure-latex/unnamed-chunk-7-33.pd
f  used on input line 2552.
(pdftex.def)             Requested size: 437.6406pt x 227.85416pt.
[41 <./Deliverable-I_files/figure-latex/unnamed-chunk-7-31.pdf> <./Deliverable-
I_files/figure-latex/unnamed-chunk-7-32.pdf>]
<Deliverable-I_files/figure-latex/unnamed-chunk-7-34.pdf, id=498, 437.635pt x 1
93.72375pt>
File: Deliverable-I_files/figure-latex/unnamed-chunk-7-34.pdf Graphic file (typ
e pdf)
<use Deliverable-I_files/figure-latex/unnamed-chunk-7-34.pdf>
Package pdftex.def Info: Deliverable-I_files/figure-latex/unnamed-chunk-7-34.pd
f  used on input line 2596.
(pdftex.def)             Requested size: 437.6406pt x 193.72621pt.
[42 <./Deliverable-I_files/figure-latex/unnamed-chunk-7-33.pdf> <./Deliverable-
I_files/figure-latex/unnamed-chunk-7-34.pdf>]
<Deliverable-I_files/figure-latex/unnamed-chunk-7-35.pdf, id=518, 424.58624pt x
 285.065pt>
File: Deliverable-I_files/figure-latex/unnamed-chunk-7-35.pdf Graphic file (typ
e pdf)
<use Deliverable-I_files/figure-latex/unnamed-chunk-7-35.pdf>
Package pdftex.def Info: Deliverable-I_files/figure-latex/unnamed-chunk-7-35.pd
f  used on input line 2620.
(pdftex.def)             Requested size: 424.5852pt x 285.0643pt.
<Deliverable-I_files/figure-latex/unnamed-chunk-7-36.pdf, id=519, 437.635pt x 2
27.85126pt>
File: Deliverable-I_files/figure-latex/unnamed-chunk-7-36.pdf Graphic file (typ
e pdf)
<use Deliverable-I_files/figure-latex/unnamed-chunk-7-36.pdf>
Package pdftex.def Info: Deliverable-I_files/figure-latex/unnamed-chunk-7-36.pd
f  used on input line 2628.
(pdftex.def)             Requested size: 437.6406pt x 227.85416pt.
[43 <./Deliverable-I_files/figure-latex/unnamed-chunk-7-35.pdf> <./Deliverable-
I_files/figure-latex/unnamed-chunk-7-36.pdf>]
<Deliverable-I_files/figure-latex/unnamed-chunk-7-37.pdf, id=541, 437.635pt x 1
95.73125pt>
File: Deliverable-I_files/figure-latex/unnamed-chunk-7-37.pdf Graphic file (typ
e pdf)
<use Deliverable-I_files/figure-latex/unnamed-chunk-7-37.pdf>
Package pdftex.def Info: Deliverable-I_files/figure-latex/unnamed-chunk-7-37.pd
f  used on input line 2686.
(pdftex.def)             Requested size: 437.6406pt x 195.73373pt.
[44 <./Deliverable-I_files/figure-latex/unnamed-chunk-7-37.pdf>] [45] [46] [47]
[48] [49] [50] [51] [52] [53] [54] [55] [56] [57] [58] [59] [60] [61] [62] [63]
[64] [65] [66] [67] [68] [69] [70] [71] [72] [73] [74] [75] [76] [77] [78] [79]
[80] [81] [82] [83] [84] [85] [86] [87] [88] [89] [90] [91] [92] [93] [94] [95]
[96] [97] [98] [99] [100] [101] [102] [103] [104] [105] [106] [107] [108] [109]
[110] [111] [112] [113] [114] [115] [116] [117] [118] [119] [120] [121] [122] [
123] [124] [125] [126] [127] [128] [129] [130] [131] [132] [133] [134] [135] [1
36] [137] [138] [139] [140] [141] [142] [143] [144] [145] [146] [147] [148] [14
9] [150] [151] [152] [153] [154] [155] [156] [157] [158] [159] [160] [161] [162
] [163] [164] [165] [166] [167] [168] [169] [170] [171] [172] [173] [174] [175]
[176] [177] [178] [179] [180] [181] [182] [183] [184] [185] [186] [187] [188] [
189] [190] [191] [192] [193] [194] [195] [196] [197] [198] [199] [200] [201] [2
02] [203] [204] [205] [206] [207] [208] [209] [210] [211] [212] [213] [214] [21
5] [216] [217] [218] [219] [220] [221] [222] [223] [224] [225] [226] [227] [228
] [229] [230] [231] [232] [233] [234] [235] [236] [237] [238] [239] [240] [241]
[242] [243] [244] [245] [246] [247] [248] [249] [250] [251] [252] [253] [254] [
255] [256] [257] [258] [259] [260] [261] [262] [263] [264] [265] [266] [267] [2
68] [269] [270] [271] [272] [273] [274] [275] [276] [277] [278] [279] [280]
Overfull \vbox (0.67131pt too high) detected at line 17943
 []

[281] [282]
<Deliverable-I_files/figure-latex/unnamed-chunk-11-1.pdf, id=1548, 437.635pt x 
193.72375pt>
File: Deliverable-I_files/figure-latex/unnamed-chunk-11-1.pdf Graphic file (typ
e pdf)
<use Deliverable-I_files/figure-latex/unnamed-chunk-11-1.pdf>
Package pdftex.def Info: Deliverable-I_files/figure-latex/unnamed-chunk-11-1.pd
f  used on input line 18045.
(pdftex.def)             Requested size: 437.6406pt x 193.72621pt.
[283 <./Deliverable-I_files/figure-latex/unnamed-chunk-11-1.pdf>] [284]
<Deliverable-I_files/figure-latex/unnamed-chunk-12-1.pdf, id=1566, 437.635pt x 
193.72375pt>
File: Deliverable-I_files/figure-latex/unnamed-chunk-12-1.pdf Graphic file (typ
e pdf)
<use Deliverable-I_files/figure-latex/unnamed-chunk-12-1.pdf>
Package pdftex.def Info: Deliverable-I_files/figure-latex/unnamed-chunk-12-1.pd
f  used on input line 18277.
(pdftex.def)             Requested size: 437.6406pt x 193.72621pt.
[285 <./Deliverable-I_files/figure-latex/unnamed-chunk-12-1.pdf>]
<Deliverable-I_files/figure-latex/unnamed-chunk-12-2.pdf, id=1578, 261.97874pt 
x 180.675pt>
File: Deliverable-I_files/figure-latex/unnamed-chunk-12-2.pdf Graphic file (typ
e pdf)
<use Deliverable-I_files/figure-latex/unnamed-chunk-12-2.pdf>
Package pdftex.def Info: Deliverable-I_files/figure-latex/unnamed-chunk-12-2.pd
f  used on input line 18332.
(pdftex.def)             Requested size: 261.9781pt x 180.67455pt.
<Deliverable-I_files/figure-latex/unnamed-chunk-12-3.pdf, id=1579, 393.47pt x 2
56.96pt>
File: Deliverable-I_files/figure-latex/unnamed-chunk-12-3.pdf Graphic file (typ
e pdf)
<use Deliverable-I_files/figure-latex/unnamed-chunk-12-3.pdf>
Package pdftex.def Info: Deliverable-I_files/figure-latex/unnamed-chunk-12-3.pd
f  used on input line 18341.
(pdftex.def)             Requested size: 393.46902pt x 256.95937pt.
[286 <./Deliverable-I_files/figure-latex/unnamed-chunk-12-2.pdf> <./Deliverable
-I_files/figure-latex/unnamed-chunk-12-3.pdf>]
<Deliverable-I_files/figure-latex/unnamed-chunk-14-1.pdf, id=1600, 436.63126pt 
x 253.94875pt>
File: Deliverable-I_files/figure-latex/unnamed-chunk-14-1.pdf Graphic file (typ
e pdf)
<use Deliverable-I_files/figure-latex/unnamed-chunk-14-1.pdf>
Package pdftex.def Info: Deliverable-I_files/figure-latex/unnamed-chunk-14-1.pd
f  used on input line 18369.
(pdftex.def)             Requested size: 436.63019pt x 253.94812pt.
[287 <./Deliverable-I_files/figure-latex/unnamed-chunk-14-1.pdf>] (Deliverable-
I.aux) ) 
Here is how much of TeX's memory you used:
 14008 strings out of 482190
 216051 string characters out of 2932969
 1678188 words of memory out of 3000000
 29678 multiletter control sequences out of 15000+200000
 589320 words of font info for 90 fonts, out of 3000000 for 9000
 0 hyphenation exceptions out of 8191
 71i,6n,77p,1166b,468s stack positions out of 5000i,500n,10000p,200000b,50000s
{/home/jesus/.miktex/texmfs/install/fonts/enc/dvips/lm/lm-ec.enc}{/home
/jesus/.miktex/texmfs/install/fonts/enc/dvips/lm/lm-ts1.enc}</home/jesus/.mikte
x/texmfs/install/fonts/type1/public/lm/lmbx10.pfb></home/jesus/.miktex/texmfs/i
nstall/fonts/type1/public/lm/lmbx12.pfb></home/jesus/.miktex/texmfs/install/fon
ts/type1/public/lm/lmr10.pfb></home/jesus/.miktex/texmfs/install/fonts/type1/pu
blic/lm/lmr12.pfb></home/jesus/.miktex/texmfs/install/fonts/type1/public/lm/lmr
17.pfb></home/jesus/.miktex/texmfs/install/fonts/type1/public/lm/lmtk10.pfb></h
ome/jesus/.miktex/texmfs/install/fonts/type1/public/lm/lmtt10.pfb></home/jesus/
.miktex/texmfs/install/fonts/type1/public/lm/lmtti10.pfb>
Output written on Deliverable-I.pdf (287 pages, 946816 bytes).
PDF statistics:
 1764 PDF objects out of 2073 (max. 8388607)
 317 named destinations out of 1000 (max. 500000)
 10563 words of extra memory for PDF output out of 12000 (max. 10000000)


! pdflatex: major issue: So far, no MiKTeX administrator has checked for updates.
